<?xml version="1.0" encoding="UTF-8"?>
<!-- Generated by org.testng.reporters.JUnitReportReporter -->
<testsuite hostname="DESKTOP-OA5BPD3" name="swastick.com.HomePage" tests="2" failures="0" timestamp="10 Mar 2019 13:56:20 GMT" time="25.117" errors="0">
  <testcase name="UsernamePasswordNavigation" time="17.881" classname="swastick.com.HomePage"/>
  <testcase name="UsernamePasswordNavigation" time="7.236" classname="swastick.com.HomePage"/>
</testsuite> <!-- swastick.com.HomePage -->
